<?xml version="1.0" encoding="UTF-8"?>
<testng-results skipped="0" failed="0" total="2" passed="2">
  <reporter-output>
  </reporter-output>
  <suite name="GridTest" duration-ms="15450" started-at="2017-05-12T03:35:30Z" finished-at="2017-05-12T03:35:45Z">
    <groups>
    </groups>
    <test name="On chrome" duration-ms="8953" started-at="2017-05-12T03:35:30Z" finished-at="2017-05-12T03:35:39Z">
      <class name="grid.GridEg">
        <test-method status="PASS" signature="sample(java.lang.String)[pri:0, instance:grid.GridEg@794f2dae]" name="sample" duration-ms="8891" started-at="2017-05-12T09:05:30Z" finished-at="2017-05-12T09:05:39Z">
          <params>
            <param index="0">
              <value>
                <![CDATA[chrome]]>
              </value>
            </param>
          </params>
          <reporter-output>
          </reporter-output>
        </test-method> <!-- sample -->
      </class> <!-- grid.GridEg -->
    </test> <!-- On chrome -->
    <test name="On Firefox" duration-ms="15450" started-at="2017-05-12T03:35:30Z" finished-at="2017-05-12T03:35:45Z">
      <class name="grid.GridEg">
        <test-method status="PASS" signature="sample(java.lang.String)[pri:0, instance:grid.GridEg@39bf6bad]" name="sample" duration-ms="15394" started-at="2017-05-12T09:05:30Z" finished-at="2017-05-12T09:05:45Z">
          <params>
            <param index="0">
              <value>
                <![CDATA[firefox]]>
              </value>
            </param>
          </params>
          <reporter-output>
          </reporter-output>
        </test-method> <!-- sample -->
      </class> <!-- grid.GridEg -->
    </test> <!-- On Firefox -->
  </suite> <!-- GridTest -->
</testng-results>
